shop.handlers.signin_command_handler - INFO - Sajad wants to login
shop.handlers.signin_command_handler - INFO - Sajad validated successfully
shop.handlers.signin_command_handler - WARNING - Sajad - Sajad1381 user or pass incorrect
shop.handlers.signup_command_handler - INFO - ali wants to signup
shop.handlers.signup_command_handler - INFO - ali validated successfully
shop.handlers.signup_command_handler - INFO - ali wants to login from signup
shop.handlers.signin_command_handler - INFO - ali wants to login
shop.handlers.signin_command_handler - INFO - ali validated successfully
shop.handlers.signin_command_handler - INFO - ali - Ali12345678 logged in successfully
shop.handlers.signin_command_handler - INFO - Sajad wants to login
shop.handlers.signin_command_handler - INFO - Sajad validated successfully
shop.handlers.signin_command_handler - WARNING - Sajad - Sajad12345 user or pass incorrect
shop.handlers.signup_command_handler - INFO - Sajad wants to signup
shop.handlers.signup_command_handler - INFO - Sajad validated successfully
shop.handlers.signup_command_handler - INFO - Sajad wants to login from signup
shop.handlers.signin_command_handler - INFO - Sajad wants to login
shop.handlers.signin_command_handler - INFO - Sajad validated successfully
shop.handlers.signin_command_handler - INFO - Sajad - Sajad1381 logged in successfully
shop.handlers.signin_command_handler - INFO - Sajad wants to login
shop.handlers.signin_command_handler - INFO - Sajad validated successfully
shop.handlers.signin_command_handler - WARNING - Sajad - Saja1381 user or pass incorrect
shop.handlers.signup_command_handler - INFO - Sajad wants to signup
shop.handlers.signup_command_handler - INFO - Sajad validated successfully
shop.handlers.signup_command_handler - INFO - Sajad wants to login from signup
shop.handlers.signup_command_handler - INFO - Sajad wants to signup
shop.handlers.signup_command_handler - INFO - Sajad validated successfully
shop.handlers.signup_command_handler - INFO - Sajad wants to login from signup
shop.handlers.signup_command_handler - INFO - Sajad wants to signup
shop.handlers.signup_command_handler - INFO - Sajad validated successfully
shop.handlers.signup_command_handler - INFO - Sajad wants to login from signup
shop.handlers.signup_command_handler - INFO - ali wants to signup
shop.handlers.signup_command_handler - INFO - ali validated successfully
shop.handlers.signup_command_handler - INFO - ali wants to login from signup
shop.handlers.signup_command_handler - INFO - Sajad wants to signup
shop.handlers.signup_command_handler - INFO - Sajad validated successfully
shop.handlers.signup_command_handler - INFO - Sajad wants to login from signup
shop.handlers.signup_command_handler - INFO - ali wants to signup
shop.handlers.signup_command_handler - INFO - ali validated successfully
shop.handlers.signup_command_handler - INFO - ali wants to login from signup
shop.handlers.signup_command_handler - INFO - sajad wants to signup
shop.handlers.signup_command_handler - INFO - sajad validated successfully
shop.handlers.signup_command_handler - INFO - sajad wants to login from signup
shop.handlers.signin_command_handler - INFO - sajad wants to login
shop.handlers.signin_command_handler - INFO - sajad validated successfully
shop.handlers.signin_command_handler - INFO - sajad - Sajad1381 logged in successfully
shop.handlers.signup_command_handler - INFO - Sajad wants to signup
shop.handlers.signup_command_handler - INFO - Sajad validated successfully
shop.handlers.signup_command_handler - INFO - Sajad wants to login from signup
shop.handlers.signin_command_handler - INFO - Sajad wants to login
shop.handlers.signin_command_handler - INFO - Sajad validated successfully
shop.handlers.signin_command_handler - INFO - Sajad - Sajad1381 logged in successfully
shop.handlers.signin_command_handler - INFO - Sajad wants to login
shop.handlers.signin_command_handler - INFO - Sajad validated successfully
shop.handlers.signin_command_handler - WARNING - Sajad - Sajad1381 user or pass incorrect
shop.handlers.signup_command_handler - INFO - Sajad wants to signup
shop.handlers.signup_command_handler - INFO - Sajad validated successfully
shop.handlers.signup_command_handler - INFO - Sajad wants to login from signup
shop.handlers.signin_command_handler - INFO - Sajad wants to login
shop.handlers.signin_command_handler - INFO - Sajad validated successfully
shop.handlers.signin_command_handler - INFO - Sajad - Sajad1381 logged in successfully
shop.handlers.signin_command_handler - INFO - Sajad wants to login
shop.handlers.signin_command_handler - INFO - Sajad validated successfully
shop.handlers.signin_command_handler - WARNING - Sajad - Sajad1381 user or pass incorrect
shop.handlers.signup_command_handler - INFO - Sajad wants to signup
shop.handlers.signup_command_handler - INFO - Sajad validated successfully
shop.handlers.signup_command_handler - INFO - Sajad wants to login from signup
shop.handlers.signin_command_handler - INFO - Sajad wants to login
shop.handlers.signin_command_handler - INFO - Sajad validated successfully
shop.handlers.signin_command_handler - INFO - Sajad - Sajad1381 logged in successfully
shop.handlers.signup_command_handler - INFO - Sajad wants to signup
shop.handlers.signup_command_handler - INFO - Sajad validated successfully
shop.handlers.signup_command_handler - INFO - Sajad wants to login from signup
shop.handlers.signup_command_handler - INFO - Sajad wants to signup
shop.handlers.signup_command_handler - INFO - Sajad validated successfully
shop.handlers.signin_command_handler - INFO - Sajad wants to login
shop.handlers.signin_command_handler - INFO - Sajad validated successfully
shop.handlers.signin_command_handler - INFO - Sajad - Sajad1381 logged in successfully
shop.handlers.signup_command_handler - INFO - Parsa wants to signup
shop.handlers.signup_command_handler - INFO - Parsa validated successfully
shop.handlers.signin_command_handler - INFO - Parsa wants to login
shop.handlers.signin_command_handler - INFO - Parsa validated successfully
shop.handlers.signin_command_handler - INFO - Parsa - P12345678 logged in successfully
shop.handlers.add_command_handler - INFO - Parsa wants to add an item to basket
shop.handlers.add_command_handler - INFO - Parsa add apple - iphone 14 pro to the basket
shop.handlers.add_command_handler - INFO - Parsa add samsung - galaxy s22 to the basket
shop.handlers.add_command_handler - INFO - Parsa add apple - iphone 14 to the basket
shop.handlers.add_command_handler - INFO - Parsa exit from adding section
shop.handlers.signin_command_handler - INFO - Parsa wants to login
shop.handlers.signin_command_handler - INFO - Parsa validated successfully
shop.handlers.signin_command_handler - INFO - Parsa - Parsa6666 logged in successfully
shop.handlers.add_command_handler - INFO - Parsa wants to add an item to basket
shop.handlers.add_command_handler - INFO - Parsa add apple - iphone 14 to the basket
shop.handlers.add_command_handler - INFO - Parsa add samsung - galaxy a10 to the basket
shop.handlers.add_command_handler - INFO - Parsa add apple - iphone 13 pro to the basket
shop.handlers.add_command_handler - INFO - Parsa exit from adding section
shop.handlers.signin_command_handler - INFO - Parsa wants to login
shop.handlers.signin_command_handler - INFO - Parsa validated successfully
shop.handlers.signin_command_handler - INFO - Parsa - Parsa6666 logged in successfully
shop.handlers.add_command_handler - INFO - Parsa wants to add an item to basket
shop.handlers.add_command_handler - INFO - Parsa add apple - iphone 14 to the basket
shop.handlers.add_command_handler - INFO - Parsa add samsung - galaxy a10 to the basket
shop.handlers.add_command_handler - INFO - Parsa exit from adding section
shop.handlers.signin_command_handler - INFO - Parsa wants to login
shop.handlers.signin_command_handler - INFO - Parsa validated successfully
shop.handlers.signin_command_handler - INFO - Parsa - Parsa6666 logged in successfully
shop.handlers.add_command_handler - INFO - Parsa wants to add an item to basket
shop.handlers.add_command_handler - INFO - Parsa add apple - iphone 13 to the basket
shop.handlers.add_command_handler - INFO - Parsa add samsung - galaxy a10 to the basket
shop.handlers.add_command_handler - INFO - Parsa exit from adding section
shop.handlers.signin_command_handler - INFO - Parsa wants to login
shop.handlers.signin_command_handler - INFO - Parsa validated successfully
shop.handlers.signin_command_handler - WARNING - Parsa - parsa6666 user or pass incorrect
shop.handlers.signin_command_handler - INFO - Parsa wants to login
shop.handlers.signin_command_handler - INFO - Parsa validated successfully
shop.handlers.signin_command_handler - INFO - Parsa - Parsa6666 logged in successfully
shop.handlers.add_command_handler - INFO - Parsa wants to add an item to basket
shop.handlers.add_command_handler - INFO - Parsa add apple - iphone 13 to the basket
shop.handlers.add_command_handler - INFO - Parsa add samsung - galaxy a10 to the basket
shop.handlers.add_command_handler - INFO - Parsa exit from adding section
shop.handlers.signin_command_handler - INFO - Parsa wants to login
shop.handlers.signin_command_handler - INFO - Parsa validated successfully
shop.handlers.signin_command_handler - INFO - Parsa - Parsa6666 logged in successfully
shop.handlers.signin_command_handler - INFO - Parsa wants to login
shop.handlers.signin_command_handler - INFO - Parsa validated successfully
shop.handlers.signin_command_handler - INFO - Parsa - Parsa6666 logged in successfully
shop.handlers.add_command_handler - INFO - Parsa wants to add an item to basket
shop.handlers.add_command_handler - INFO - Parsa add apple - iphone 14 to the basket
shop.handlers.add_command_handler - INFO - Parsa add samsung - galaxy a10 to the basket
shop.handlers.add_command_handler - INFO - Parsa exit from adding section
shop.handlers.signin_command_handler - INFO - Parsa wants to login
shop.handlers.signin_command_handler - INFO - Parsa validated successfully
shop.handlers.signin_command_handler - INFO - Parsa - Parsa6666 logged in successfully
shop.handlers.add_command_handler - INFO - Parsa wants to add an item to basket
shop.handlers.add_command_handler - INFO - Parsa add apple - iphone 13 to the basket
shop.handlers.add_command_handler - INFO - Parsa add samsung - galaxy a10 to the basket
shop.handlers.add_command_handler - INFO - Parsa exit from adding section
shop.handlers.signin_command_handler - INFO - Parsa wants to login
shop.handlers.signin_command_handler - INFO - Parsa validated successfully
shop.handlers.signin_command_handler - INFO - Parsa - Parsa6666 logged in successfully
shop.handlers.add_command_handler - INFO - Parsa wants to add an item to basket
shop.handlers.add_command_handler - INFO - Parsa add apple - iphone 14 to the basket
shop.handlers.add_command_handler - INFO - Parsa add samsung - galaxy a10 to the basket
shop.handlers.add_command_handler - INFO - Parsa exit from adding section
shop.handlers.signin_command_handler - INFO - Parsa wants to login
shop.handlers.signin_command_handler - INFO - Parsa validated successfully
shop.handlers.signin_command_handler - INFO - Parsa - Parsa6666 logged in successfully
shop.handlers.add_command_handler - INFO - Parsa wants to add an item to basket
shop.handlers.add_command_handler - INFO - Parsa add apple - iphone 13 to the basket
shop.handlers.add_command_handler - INFO - Parsa exit from adding section
shop.handlers.signin_command_handler - INFO - Parsa wants to login
shop.handlers.signin_command_handler - INFO - Parsa validated successfully
shop.handlers.signin_command_handler - INFO - Parsa - Parsa6666 logged in successfully
shop.handlers.add_command_handler - INFO - Parsa wants to add an item to basket
shop.handlers.add_command_handler - INFO - Parsa add apple - iphone 13 to the basket
shop.handlers.add_command_handler - INFO - Parsa exit from adding section
shop.handlers.signin_command_handler - INFO - Parsa wants to login
shop.handlers.signin_command_handler - INFO - Parsa validated successfully
shop.handlers.signin_command_handler - INFO - Parsa - Parsa6666 logged in successfully
shop.handlers.add_command_handler - INFO - Parsa wants to add an item to basket
shop.handlers.add_command_handler - INFO - Parsa add apple - iphone 14 to the basket
shop.handlers.add_command_handler - INFO - Parsa add samsung - galaxy a10 to the basket
shop.handlers.add_command_handler - INFO - Parsa exit from adding section
shop.handlers.signin_command_handler - INFO - Parsa wants to login
shop.handlers.signin_command_handler - INFO - Parsa validated successfully
shop.handlers.signin_command_handler - INFO - Parsa - Parsa6666 logged in successfully
shop.handlers.add_command_handler - INFO - Parsa wants to add an item to basket
shop.handlers.add_command_handler - INFO - Parsa add apple - iphone 14 to the basket
shop.handlers.add_command_handler - INFO - Parsa add samsung - galaxy a10 to the basket
shop.handlers.add_command_handler - INFO - Parsa exit from adding section
shop.handlers.signin_command_handler - INFO - Parsa wants to login
shop.handlers.signin_command_handler - INFO - Parsa validated successfully
shop.handlers.signin_command_handler - INFO - Parsa - Parsa6666 logged in successfully
shop.handlers.add_command_handler - INFO - Parsa wants to add an item to basket
shop.handlers.add_command_handler - INFO - Parsa add apple - iphone 14 to the basket
shop.handlers.add_command_handler - INFO - Parsa exit from adding section
shop.handlers.signin_command_handler - INFO - Parsa wants to login
shop.handlers.signin_command_handler - INFO - Parsa validated successfully
shop.handlers.signin_command_handler - INFO - Parsa - Parsa6666 logged in successfully
shop.handlers.add_command_handler - INFO - Parsa wants to add an item to basket
shop.handlers.add_command_handler - INFO - Parsa add apple - iphone 13 to the basket
shop.handlers.add_command_handler - INFO - Parsa exit from adding section
shop.handlers.signin_command_handler - INFO - Parsa wants to login
shop.handlers.signin_command_handler - INFO - Parsa validated successfully
shop.handlers.signin_command_handler - INFO - Parsa - Parsa6666 logged in successfully
shop.handlers.add_command_handler - INFO - Parsa wants to add an item to basket
shop.handlers.add_command_handler - INFO - Parsa add apple - iphone 13 to the basket
shop.handlers.add_command_handler - INFO - Parsa exit from adding section
shop.handlers.signin_command_handler - INFO - Parsa wants to login
shop.handlers.signin_command_handler - INFO - Parsa validated successfully
shop.handlers.signin_command_handler - INFO - Parsa - Parsa6666 logged in successfully
shop.handlers.add_command_handler - INFO - Parsa wants to add an item to basket
shop.handlers.add_command_handler - INFO - Parsa add apple - iphone 14 to the basket
shop.handlers.add_command_handler - INFO - Parsa exit from adding section
shop.handlers.signin_command_handler - INFO - Parsa wants to login
shop.handlers.signin_command_handler - INFO - Parsa validated successfully
shop.handlers.signin_command_handler - INFO - Parsa - Parsa6666 logged in successfully
shop.handlers.add_command_handler - INFO - Parsa wants to add an item to basket
shop.handlers.add_command_handler - INFO - Parsa add apple - iphone 13 to the basket
shop.handlers.add_command_handler - INFO - Parsa exit from adding section
shop.handlers.signin_command_handler - INFO - Parsa wants to login
shop.handlers.signin_command_handler - INFO - Parsa validated successfully
shop.handlers.signin_command_handler - INFO - Parsa - Parsa6666 logged in successfully
shop.handlers.add_command_handler - INFO - Parsa wants to add an item to basket
shop.handlers.add_command_handler - INFO - Parsa add apple - iphone 13 to the basket
shop.handlers.add_command_handler - INFO - Parsa exit from adding section
shop.handlers.signin_command_handler - INFO - Parsa wants to login
shop.handlers.signin_command_handler - INFO - Parsa validated successfully
shop.handlers.signin_command_handler - INFO - Parsa - Parsa6666 logged in successfully
shop.handlers.add_command_handler - INFO - Parsa wants to add an item to basket
shop.handlers.add_command_handler - WARNING - Parsa wants to add iphone 13 brand which is unavailable
shop.handlers.add_command_handler - INFO - Parsa add apple - iphone 13 to the basket
shop.handlers.add_command_handler - INFO - Parsa exit from adding section
shop.handlers.signin_command_handler - INFO - Parsa wants to login
shop.handlers.signin_command_handler - INFO - Parsa validated successfully
shop.handlers.signin_command_handler - INFO - Parsa - Parsa6666 logged in successfully
shop.handlers.add_command_handler - INFO - Parsa wants to add an item to basket
shop.handlers.add_command_handler - INFO - Parsa add apple - iphone 13 to the basket
shop.handlers.add_command_handler - INFO - Parsa exit from adding section
shop.handlers.signin_command_handler - INFO - Parsa wants to login
shop.handlers.signin_command_handler - INFO - Parsa validated successfully
shop.handlers.signin_command_handler - INFO - Parsa - Parsa6666 logged in successfully
shop.handlers.add_command_handler - INFO - Parsa wants to add an item to basket
shop.handlers.add_command_handler - INFO - Parsa add apple - iphone 13 to the basket
shop.handlers.add_command_handler - INFO - Parsa exit from adding section
shop.handlers.signin_command_handler - INFO - Parsa wants to login
shop.handlers.signin_command_handler - INFO - Parsa validated successfully
shop.handlers.signin_command_handler - INFO - Parsa - Parsa6666 logged in successfully
shop.handlers.add_command_handler - INFO - Parsa wants to add an item to basket
shop.handlers.add_command_handler - INFO - Parsa add apple - iphone 13 to the basket
shop.handlers.add_command_handler - INFO - Parsa exit from adding section
shop.handlers.signin_command_handler - INFO - Parsa wants to login
shop.handlers.signin_command_handler - INFO - Parsa validated successfully
shop.handlers.signin_command_handler - INFO - Parsa - Parsa6666 logged in successfully
shop.handlers.add_command_handler - INFO - Parsa wants to add an item to basket
shop.handlers.add_command_handler - INFO - Parsa wants to add an item to basket
shop.handlers.add_command_handler - INFO - Parsa add apple - iphone 13 to the basket
shop.handlers.add_command_handler - INFO - Parsa exit from adding section
shop.handlers.signin_command_handler - INFO - Parsa wants to login
shop.handlers.signin_command_handler - INFO - Parsa validated successfully
shop.handlers.signin_command_handler - INFO - Parsa - Parsa6666 logged in successfully
shop.handlers.signin_command_handler - INFO - Parsa wants to login
shop.handlers.signin_command_handler - INFO - Parsa validated successfully
shop.handlers.signin_command_handler - INFO - Parsa - Parsa6666 logged in successfully
shop.handlers.add_command_handler - INFO - Parsa wants to add an item to basket
shop.handlers.add_command_handler - INFO - Parsa add apple - iphone 14 to the basket
shop.handlers.add_command_handler - INFO - Parsa exit from adding section
shop.handlers.signin_command_handler - INFO - Parsa wants to login
shop.handlers.signin_command_handler - INFO - Parsa validated successfully
shop.handlers.signin_command_handler - INFO - Parsa - Parsa6666 logged in successfully
shop.handlers.add_command_handler - INFO - Parsa wants to add an item to basket
shop.handlers.add_command_handler - INFO - Parsa add apple - iphone 14 to the basket
shop.handlers.add_command_handler - INFO - Parsa exit from adding section
shop.handlers.signin_command_handler - INFO - Parsa wants to login
shop.handlers.signin_command_handler - INFO - Parsa validated successfully
shop.handlers.signin_command_handler - INFO - Parsa - Parsa6666 logged in successfully
shop.handlers.add_command_handler - INFO - Parsa wants to add an item to basket
shop.handlers.add_command_handler - INFO - Parsa add apple - iphone 14 to the basket
shop.handlers.add_command_handler - INFO - Parsa exit from adding section
shop.handlers.signin_command_handler - INFO - Parsa wants to login
shop.handlers.signin_command_handler - INFO - Parsa validated successfully
shop.handlers.signin_command_handler - INFO - Parsa - Parsa6666 logged in successfully
shop.handlers.add_command_handler - INFO - Parsa wants to add an item to basket
shop.handlers.add_command_handler - INFO - Parsa wants to add an item to basket
shop.handlers.add_command_handler - INFO - Parsa add apple - iphone 13 to the basket
shop.handlers.add_command_handler - INFO - Parsa exit from adding section
shop.handlers.signin_command_handler - INFO - Parsa wants to login
shop.handlers.signin_command_handler - INFO - Parsa validated successfully
shop.handlers.signin_command_handler - INFO - Parsa - Parsa6666 logged in successfully
shop.handlers.add_command_handler - INFO - Parsa wants to add an item to basket
shop.handlers.add_command_handler - INFO - Parsa add apple - iphone 13 to the basket
shop.handlers.add_command_handler - INFO - Parsa exit from adding section
shop.handlers.signin_command_handler - INFO - Parsa wants to login
shop.handlers.signin_command_handler - INFO - Parsa validated successfully
shop.handlers.signin_command_handler - INFO - Parsa - Parsa6666 logged in successfully
shop.handlers.signin_command_handler - INFO - Parsa wants to login
shop.handlers.signin_command_handler - INFO - Parsa validated successfully
shop.handlers.signin_command_handler - INFO - Parsa - Parsa6666 logged in successfully
shop.handlers.add_command_handler - INFO - Parsa wants to add an item to basket
shop.handlers.add_command_handler - INFO - Parsa add apple - iphone 13 to the basket
shop.handlers.add_command_handler - INFO - Parsa exit from adding section
shop.handlers.signin_command_handler - INFO - sepehr wants to login
shop.handlers.signin_command_handler - INFO - sepehr validated successfully
shop.handlers.signin_command_handler - WARNING - sepehr - sepehr12345 user or pass incorrect
shop.handlers.signup_command_handler - INFO - sepehr wants to signup
shop.handlers.signup_command_handler - INFO - sepehr validated successfully
shop.handlers.signin_command_handler - INFO - sepehr wants to login
shop.handlers.signin_command_handler - INFO - sepehr validated successfully
shop.handlers.signin_command_handler - INFO - sepehr - sepehr12345 logged in successfully
shop.handlers.add_command_handler - INFO - sepehr wants to add an item to basket
shop.handlers.add_command_handler - INFO - sepehr add apple - iphone 13 to the basket
shop.handlers.add_command_handler - WARNING - sepehr wants to add  brand which is unavailable
shop.handlers.add_command_handler - INFO - sepehr exit from adding section
shop.handlers.remove_command_handler - INFO - sepehr removed iphone 13 successfully
shop.handlers.signin_command_handler - INFO - Parsa wants to login
shop.handlers.signin_command_handler - INFO - Parsa validated successfully
shop.handlers.signin_command_handler - INFO - Parsa - Parsa6666 logged in successfully
shop.handlers.add_command_handler - INFO - Parsa wants to add an item to basket
shop.handlers.add_command_handler - INFO - Parsa add apple - iphone 14 to the basket
shop.handlers.add_command_handler - INFO - Parsa exit from adding section
shop.handlers.signin_command_handler - INFO - Parsa wants to login
shop.handlers.signin_command_handler - INFO - Parsa validated successfully
shop.handlers.signin_command_handler - INFO - Parsa - Parsa6666 logged in successfully
shop.handlers.add_command_handler - INFO - Parsa wants to add an item to basket
shop.handlers.add_command_handler - INFO - Parsa add apple - iphone 14 to the basket
shop.handlers.add_command_handler - INFO - Parsa exit from adding section
shop.handlers.signin_command_handler - INFO - Parsa wants to login
shop.handlers.signin_command_handler - INFO - Parsa validated successfully
shop.handlers.signin_command_handler - INFO - Parsa - Parsa6666 logged in successfully
shop.handlers.add_command_handler - INFO - Parsa wants to add an item to basket
shop.handlers.add_command_handler - INFO - Parsa add apple - iphone 14 to the basket
shop.handlers.add_command_handler - INFO - Parsa exit from adding section
shop.handlers.signin_command_handler - INFO - Parsa wants to login
shop.handlers.signin_command_handler - INFO - Parsa validated successfully
shop.handlers.signin_command_handler - INFO - Parsa - Parsa6666 logged in successfully
shop.handlers.add_command_handler - INFO - Parsa wants to add an item to basket
shop.handlers.add_command_handler - INFO - Parsa add apple - iphone 14 to the basket
shop.handlers.add_command_handler - INFO - Parsa exit from adding section
shop.handlers.signin_command_handler - INFO - Parsa wants to login
shop.handlers.signin_command_handler - INFO - Parsa validated successfully
shop.handlers.signin_command_handler - INFO - Parsa - Parsa6666 logged in successfully
shop.handlers.add_command_handler - INFO - Parsa wants to add an item to basket
shop.handlers.add_command_handler - INFO - Parsa add apple - iphone 14 to the basket
shop.handlers.add_command_handler - INFO - Parsa exit from adding section
shop.handlers.signin_command_handler - INFO - Parsa wants to login
shop.handlers.signin_command_handler - INFO - Parsa validated successfully
shop.handlers.signin_command_handler - INFO - Parsa - Parsa6666 logged in successfully
shop.handlers.add_command_handler - INFO - Parsa wants to add an item to basket
shop.handlers.add_command_handler - INFO - Parsa add apple - iphone 14 to the basket
shop.handlers.add_command_handler - INFO - Parsa exit from adding section
shop.handlers.signin_command_handler - INFO - Parsa wants to login
shop.handlers.signin_command_handler - INFO - Parsa validated successfully
shop.handlers.signin_command_handler - INFO - Parsa - Parsa6666 logged in successfully
shop.handlers.add_command_handler - INFO - Parsa wants to add an item to basket
shop.handlers.add_command_handler - INFO - Parsa add apple - iphone 13 to the basket
shop.handlers.add_command_handler - INFO - Parsa add samsung - galaxy a10 to the basket
shop.handlers.add_command_handler - INFO - Parsa exit from adding section
